<?xml version="1.0" encoding="UTF-8"?>
<testsuite xmlns:xsi="http://www.w3.org/2001/XMLSchema-instance" xsi:noNamespaceSchemaLocation="https://maven.apache.org/surefire/maven-surefire-plugin/xsd/surefire-test-report.xsd" name="com.bits.UnitTest" time="0.008" tests="5" errors="0" skipped="0" failures="0">
  <properties>
[...]
</properties>
  <testcase name="testInvalidUnit" classname="com.bits.UnitTest" time="0"/>
  <testcase name="testValidUnit" classname="com.bits.UnitTest" time="0"/>
  <testcase name="testSetInvalidCode" classname="com.bits.UnitTest" time="0.001"/>
  <testcase name="testGetByCodeWithValidCode" classname="com.bits.UnitTest" time="0.005"/>
  <testcase name="testSetValidCode" classname="com.bits.UnitTest" time="0.002"/>
</testsuite>